Exporter version: 5.6.2, Blender version: 2.78 (sub 0)
========= Conversion from Blender to Babylon.js =========
	Scene settings used:
		selected layers only:  false
		inline textures:  false
		Positions Precision :  4
		Normals Precision   :  3
		UVs Precision       :  3
		Vert Color Precision:  3
		Mat Weight Precision:  2
		texture directory:  C:\Users\Guest\Documents\flashlight\
	Python World class constructor completed
	processing begun of mesh:  Flashlight_low
		processing begun of Standard material:  DefaultMaterial
			Bump texture found "Texture.003"
				Image texture found, type:  bumpTexture, mapped using: "meshId1-tex0"
			Diffuse texture found "Texture.002"
				Image texture found, type:  diffuseTexture, mapped using: "meshId1-tex0"
			Specular texture found "Texture.002"
				Image texture found, type:  specularTexture, mapped using: "meshId1-tex0"
		num positions      :  395
		num normals        :  395
		num uvs            :  790
		num uvs2           :  0
		num colors         :  1580
		num indices        :  1152
	processing begun of mesh:  Button_low
		registered as also a user of material:  DefaultMaterial
		num positions      :  88
		num normals        :  88
		num uvs            :  176
		num uvs2           :  0
		num colors         :  352
		num indices        :  240
	processing begun of camera (UniversalCamera):  Camera
	processing begun of light (POINT):  Lamp
========= Writing of scene file started =========
========= Writing of scene file completed =========
========= end of processing =========
elapsed time:  0 min, 0.461 secs
